<?xml version="1.0" encoding="UTF-8"?>
<!-- Generated by org.testng.reporters.JUnitReportReporter -->
<testsuite hostname="Main"
	name="teammates.test.cases.ui.browsertests.StudentCoursePageUiTest"
	tests="1" failures="0" timestamp="21 Oct 2014 20:42:53 GMT" time="17.273"
	errors="0">
	<testcase name="show_auto_join" time="17.273"
		classname="teammates.test.cases.ui.browsertests.StudentCoursePageUiTest" />
</testsuite> <!-- teammates.test.cases.ui.browsertests.StudentCoursePageUiTest -->
