<?xml version="1.0" encoding="UTF-8"?>
<!-- Generated by org.testng.reporters.JUnitReportReporter -->
<testsuite hostname="Main"
	name="teammates.test.cases.ui.browsertests.StudentHomePageUiTest"
	tests="1" failures="0" timestamp="21 Oct 2014 20:42:53 GMT" time="5.696"
	errors="0">
	<testcase name="show_recent_only" time="5.696"
		classname="teammates.test.cases.ui.browsertests.StudentHomePageUiTest" />
</testsuite> <!-- teammates.test.cases.ui.browsertests.StudentHomePageUiTest -->
